# JRE version: Java(TM) SE Runtime Environment (8.0_121-b13) (build 1.8.0_121-b13)
# Java VM: Java HotSpot(TM) 64-Bit Server VM (25.121-b13 mixed mode windows-amd64 compressed oops)
Heap:
 PSYoungGen      total 236032K, used 34589K [0x00000000d5f80000, 0x00000000e9080000, 0x0000000100000000)
  eden space 218112K, 15% used [0x00000000d5f80000,0x00000000d81475b8,0x00000000e3480000)
  from space 17920K, 0% used [0x00000000e3480000,0x00000000e3480000,0x00000000e4600000)
  to   space 17920K, 0% used [0x00000000e7f00000,0x00000000e7f00000,0x00000000e9080000)
 ParOldGen       total 113152K, used 22510K [0x0000000081e00000, 0x0000000088c80000, 0x00000000d5f80000)
  object space 113152K, 19% used [0x0000000081e00000,0x00000000833fbb60,0x0000000088c80000)
 Metaspace       used 57480K, capacity 60656K, committed 60800K, reserved 1101824K
  class space    used 7967K, capacity 8498K, committed 8576K, reserved 1048576K
GC Heap History (10 events):
Event: 5.220 GC heap before
{Heap before GC invocations=10 (full 1):
 PSYoungGen      total 178176K, used 30931K [0x00000000d5f80000, 0x00000000e3780000, 0x0000000100000000)
  eden space 165888K, 12% used [0x00000000d5f80000,0x00000000d7330440,0x00000000e0180000)
  from space 12288K, 87% used [0x00000000e0e80000,0x00000000e1904b08,0x00000000e1a80000)
  to   space 13312K, 0% used [0x00000000e0180000,0x00000000e0180000,0x00000000e0e80000)
 ParOldGen       total 59392K, used 9637K [0x0000000081e00000, 0x0000000085800000, 0x00000000d5f80000)
  object space 59392K, 16% used [0x0000000081e00000,0x00000000827695f8,0x0000000085800000)
 Metaspace       used 33289K, capacity 35394K, committed 35496K, reserved 1079296K
  class space    used 4434K, capacity 4819K, committed 4864K, reserved 1048576K
Event: 5.238 GC heap after
Heap after GC invocations=10 (full 1):
 PSYoungGen      total 179200K, used 8390K [0x00000000d5f80000, 0x00000000e5780000, 0x0000000100000000)
  eden space 165888K, 0% used [0x00000000d5f80000,0x00000000d5f80000,0x00000000e0180000)
  from space 13312K, 63% used [0x00000000e0180000,0x00000000e09b19b0,0x00000000e0e80000)
  to   space 13312K, 0% used [0x00000000e4a80000,0x00000000e4a80000,0x00000000e5780000)
 ParOldGen       total 59392K, used 9637K [0x0000000081e00000, 0x0000000085800000, 0x00000000d5f80000)
  object space 59392K, 16% used [0x0000000081e00000,0x00000000827695f8,0x0000000085800000)
 Metaspace       used 33289K, capacity 35394K, committed 35496K, reserved 1079296K
  class space    used 4434K, capacity 4819K, committed 4864K, reserved 1048576K
}
Event: 5.238 GC heap before
{Heap before GC invocations=11 (full 2):
 PSYoungGen      total 179200K, used 8390K [0x00000000d5f80000, 0x00000000e5780000, 0x0000000100000000)
  eden space 165888K, 0% used [0x00000000d5f80000,0x00000000d5f80000,0x00000000e0180000)
  from space 13312K, 63% used [0x00000000e0180000,0x00000000e09b19b0,0x00000000e0e80000)
  to   space 13312K, 0% used [0x00000000e4a80000,0x00000000e4a80000,0x00000000e5780000)
 ParOldGen       total 59392K, used 9637K [0x0000000081e00000, 0x0000000085800000, 0x00000000d5f80000)
  object space 59392K, 16% used [0x0000000081e00000,0x00000000827695f8,0x0000000085800000)
 Metaspace       used 33289K, capacity 35394K, committed 35496K, reserved 1079296K
  class space    used 4434K, capacity 4819K, committed 4864K, reserved 1048576K
Event: 5.335 GC heap after
Heap after GC invocations=11 (full 2):
 PSYoungGen      total 179200K, used 0K [0x00000000d5f80000, 0x00000000e5780000, 0x0000000100000000)
  eden space 165888K, 0% used [0x00000000d5f80000,0x00000000d5f80000,0x00000000e0180000)
  from space 13312K, 0% used [0x00000000e0180000,0x00000000e0180000,0x00000000e0e80000)
  to   space 13312K, 0% used [0x00000000e4a80000,0x00000000e4a80000,0x00000000e5780000)
 ParOldGen       total 81920K, used 12910K [0x0000000081e00000, 0x0000000086e00000, 0x00000000d5f80000)
  object space 81920K, 15% used [0x0000000081e00000,0x0000000082a9ba78,0x0000000086e00000)
 Metaspace       used 33289K, capacity 35394K, committed 35496K, reserved 1079296K
  class space    used 4434K, capacity 4819K, committed 4864K, reserved 1048576K
}
Event: 15.204 GC heap before
{Heap before GC invocations=12 (full 2):
 PSYoungGen      total 179200K, used 165888K [0x00000000d5f80000, 0x00000000e5780000, 0x0000000100000000)
  eden space 165888K, 100% used [0x00000000d5f80000,0x00000000e0180000,0x00000000e0180000)
  from space 13312K, 0% used [0x00000000e0180000,0x00000000e0180000,0x00000000e0e80000)
  to   space 13312K, 0% used [0x00000000e4a80000,0x00000000e4a80000,0x00000000e5780000)
 ParOldGen       total 81920K, used 12910K [0x0000000081e00000, 0x0000000086e00000, 0x00000000d5f80000)
  object space 81920K, 15% used [0x0000000081e00000,0x0000000082a9ba78,0x0000000086e00000)
 Metaspace       used 52320K, capacity 54850K, committed 55168K, reserved 1097728K
  class space    used 7238K, capacity 7701K, committed 7808K, reserved 1048576K
Event: 15.224 GC heap after
Heap after GC invocations=12 (full 2):
 PSYoungGen      total 230912K, used 13304K [0x00000000d5f80000, 0x00000000e5780000, 0x0000000100000000)
  eden space 217600K, 0% used [0x00000000d5f80000,0x00000000d5f80000,0x00000000e3400000)
  from space 13312K, 99% used [0x00000000e4a80000,0x00000000e577e1f8,0x00000000e5780000)
  to   space 17920K, 0% used [0x00000000e3480000,0x00000000e3480000,0x00000000e4600000)
 ParOldGen       total 81920K, used 20538K [0x0000000081e00000, 0x0000000086e00000, 0x00000000d5f80000)
  object space 81920K, 25% used [0x0000000081e00000,0x000000008320eaf8,0x0000000086e00000)
 Metaspace       used 52320K, capacity 54850K, committed 55168K, reserved 1097728K
  class space    used 7238K, capacity 7701K, committed 7808K, reserved 1048576K
}
Event: 20.677 GC heap before
{Heap before GC invocations=13 (full 2):
 PSYoungGen      total 230912K, used 64619K [0x00000000d5f80000, 0x00000000e5780000, 0x0000000100000000)
  eden space 217600K, 23% used [0x00000000d5f80000,0x00000000d919cac0,0x00000000e3400000)
  from space 13312K, 99% used [0x00000000e4a80000,0x00000000e577e1f8,0x00000000e5780000)
  to   space 17920K, 0% used [0x00000000e3480000,0x00000000e3480000,0x00000000e4600000)
 ParOldGen       total 81920K, used 20538K [0x0000000081e00000, 0x0000000086e00000, 0x00000000d5f80000)
  object space 81920K, 25% used [0x0000000081e00000,0x000000008320eaf8,0x0000000086e00000)
 Metaspace       used 56063K, capacity 59108K, committed 59160K, reserved 1099776K
  class space    used 7737K, capacity 8274K, committed 8320K, reserved 1048576K
Event: 20.691 GC heap after
Heap after GC invocations=13 (full 2):
 PSYoungGen      total 236032K, used 11004K [0x00000000d5f80000, 0x00000000e9080000, 0x0000000100000000)
  eden space 218112K, 0% used [0x00000000d5f80000,0x00000000d5f80000,0x00000000e3480000)
  from space 17920K, 61% used [0x00000000e3480000,0x00000000e3f3f318,0x00000000e4600000)
  to   space 17920K, 0% used [0x00000000e7f00000,0x00000000e7f00000,0x00000000e9080000)
 ParOldGen       total 81920K, used 20546K [0x0000000081e00000, 0x0000000086e00000, 0x00000000d5f80000)
  object space 81920K, 25% used [0x0000000081e00000,0x0000000083210af8,0x0000000086e00000)
 Metaspace       used 56063K, capacity 59108K, committed 59160K, reserved 1099776K
  class space    used 7737K, capacity 8274K, committed 8320K, reserved 1048576K
}
Event: 20.691 GC heap before
{Heap before GC invocations=14 (full 3):
 PSYoungGen      total 236032K, used 11004K [0x00000000d5f80000, 0x00000000e9080000, 0x0000000100000000)
  eden space 218112K, 0% used [0x00000000d5f80000,0x00000000d5f80000,0x00000000e3480000)
  from space 17920K, 61% used [0x00000000e3480000,0x00000000e3f3f318,0x00000000e4600000)
  to   space 17920K, 0% used [0x00000000e7f00000,0x00000000e7f00000,0x00000000e9080000)
 ParOldGen       total 81920K, used 20546K [0x0000000081e00000, 0x0000000086e00000, 0x00000000d5f80000)
  object space 81920K, 25% used [0x0000000081e00000,0x0000000083210af8,0x0000000086e00000)
 Metaspace       used 56063K, capacity 59108K, committed 59160K, reserved 1099776K
  class space    used 7737K, capacity 8274K, committed 8320K, reserved 1048576K
Event: 20.886 GC heap after
Heap after GC invocations=14 (full 3):
 PSYoungGen      total 236032K, used 0K [0x00000000d5f80000, 0x00000000e9080000, 0x0000000100000000)
  eden space 218112K, 0% used [0x00000000d5f80000,0x00000000d5f80000,0x00000000e3480000)
  from space 17920K, 0% used [0x00000000e3480000,0x00000000e3480000,0x00000000e4600000)
  to   space 17920K, 0% used [0x00000000e7f00000,0x00000000e7f00000,0x00000000e9080000)
 ParOldGen       total 113152K, used 22510K [0x0000000081e00000, 0x0000000088c80000, 0x00000000d5f80000)
  object space 113152K, 19% used [0x0000000081e00000,0x00000000833fbb60,0x0000000088c80000)
 Metaspace       used 56063K, capacity 59108K, committed 59160K, reserved 1099776K
  class space    used 7737K, capacity 8274K, committed 8320K, reserved 1048576K
}

